<?xml version="1.0" encoding="UTF-8"?>
<!-- Generated by org.testng.reporters.JUnitXMLReporter -->
<testsuite ignored="1" hostname="LAPTOP-U65A6V37" failures="0" tests="6" name="Car loan" time="0.051" errors="0" timestamp="2021-07-23T00:15:02 IST">
  <testcase classname="TestNGFramework.Test3" name="LoginAPICarLoan" time="0.003"/>
  <testcase classname="TestNGFramework.Test3" name="LoginAPICarLoan" time="0.002"/>
  <testcase classname="TestNGFramework.Test3" name="LoginAPICarLoan" time="0.002"/>
  <testcase classname="TestNGFramework.Test3" name="mobileLoginCarLoan" time="0.003"/>
  <testcase classname="TestNGFramework.Test3" name="webLoginCarLoan" time="0.001"/>
  <testcase classname="TestNGFramework.Test3" name="mobileSignoutCarLoan" time="0.002"/>
  <testcase classname="TestNGFramework.Test3" name="mobileSignInCarLoan" time="0.0">
    <ignored/>
  </testcase> <!-- mobileSignInCarLoan -->
</testsuite> <!-- Car loan -->
