<?xml version="1.0" encoding="UTF-8"?>
<!-- Generated by org.testng.reporters.JUnitXMLReporter -->
<testsuite ignored="2" hostname="LAPTOP-U65A6V37" failures="1" tests="5" name="Personal Loan" time="0.113" errors="0" timestamp="2021-07-23T00:15:02 IST">
  <testcase classname="TestNGFramework.Test1" name="demo" time="0.01"/>
  <testcase classname="TestNGFramework.Test2" name="ploan" time="0.002"/>
  <testcase classname="TestNGFramework.Test4" name="LoginAPIhomeLoan" time="0.007">
    <failure type="java.lang.AssertionError" message="expected [true] but found [false]">
      <![CDATA[java.lang.AssertionError: expected [true] but found [false]
at TestNGFramework.Test4.LoginAPIhomeLoan(Test4.java:28)
at java.base/java.util.ArrayList.forEach(ArrayList.java:1511)
... Removed 31 stack frames]]>
    </failure>
  </testcase> <!-- LoginAPIhomeLoan -->
  <testcase classname="TestNGFramework.Test4" name="mobileLoginhomeLoan" time="0.002"/>
  <testcase classname="TestNGFramework.Test4" name="webLoginhomeLoan" time="0.003"/>
  <testcase classname="TestNGFramework.Test1" name="show" time="0.0">
    <ignored/>
  </testcase> <!-- show -->
  <testcase classname="TestNGFramework.Test1" name="display" time="0.0">
    <ignored/>
  </testcase> <!-- display -->
</testsuite> <!-- Personal Loan -->
