<?xml version="1.0" encoding="UTF-8"?>
<!-- Generated by org.testng.reporters.JUnitXMLReporter -->
<testsuite ignored="9" hostname="LAPTOP-U65A6V37" failures="0" tests="2" name="Regression" time="0.079" errors="0" timestamp="2021-07-20T23:38:59 IST">
  <testcase classname="TestNGFramework.Test2" name="ploan" time="0.013"/>
  <testcase classname="TestNGFramework.Test4" name="mobileLoginhomeLoan" time="0.002"/>
  <testcase classname="TestNGFramework.Test1" name="demo" time="0.0">
    <ignored/>
  </testcase> <!-- demo -->
  <testcase classname="TestNGFramework.Test1" name="show" time="0.0">
    <ignored/>
  </testcase> <!-- show -->
  <testcase classname="TestNGFramework.Test4" name="webLoginhomeLoan" time="0.0">
    <ignored/>
  </testcase> <!-- webLoginhomeLoan -->
  <testcase classname="TestNGFramework.Test4" name="LoginAPIhomeLoan" time="0.0">
    <ignored/>
  </testcase> <!-- LoginAPIhomeLoan -->
  <testcase classname="TestNGFramework.Test3" name="mobileSignInCarLoan" time="0.0">
    <ignored/>
  </testcase> <!-- mobileSignInCarLoan -->
  <testcase classname="TestNGFramework.Test3" name="mobileLoginCarLoan" time="0.0">
    <ignored/>
  </testcase> <!-- mobileLoginCarLoan -->
  <testcase classname="TestNGFramework.Test3" name="LoginAPICarLoan" time="0.0">
    <ignored/>
  </testcase> <!-- LoginAPICarLoan -->
  <testcase classname="TestNGFramework.Test3" name="mobileSignoutCarLoan" time="0.0">
    <ignored/>
  </testcase> <!-- mobileSignoutCarLoan -->
  <testcase classname="TestNGFramework.Test3" name="webLoginCarLoan" time="0.0">
    <ignored/>
  </testcase> <!-- webLoginCarLoan -->
</testsuite> <!-- Regression -->
