<?xml version="1.0" encoding="UTF-8"?>
<testng-results total="1" passed="1" failed="0" skipped="0">
  <reporter-output>
  </reporter-output>
  <suite started-at="2021-07-27T18:35:42Z" name="Default suite" finished-at="2021-07-27T18:36:24Z" duration-ms="42246">
    <groups>
    </groups>
    <test started-at="2021-07-27T18:35:42Z" name="Default test" finished-at="2021-07-27T18:36:24Z" duration-ms="42246">
      <class name="testcase.LoginApplication">
        <test-method signature="login()[pri:0, instance:testcase.LoginApplication@40317ba2]" started-at="2021-07-28T00:05:42Z" name="login" finished-at="2021-07-28T00:06:24Z" duration-ms="42224" status="PASS">
          <reporter-output>
          </reporter-output>
        </test-method> <!-- login -->
      </class> <!-- testcase.LoginApplication -->
    </test> <!-- Default test -->
  </suite> <!-- Default suite -->
</testng-results>
