<?xml version="1.0" encoding="UTF-8"?>
<testng-results skipped="0" failed="0" ignored="0" total="6" passed="6">
  <reporter-output>
  </reporter-output>
  <suite name="Command line suite" duration-ms="80" started-at="2021-07-23T22:52:21 IST" finished-at="2021-07-23T22:52:22 IST">
    <groups>
    </groups>
    <test name="Command line test" duration-ms="80" started-at="2021-07-23T22:52:21 IST" finished-at="2021-07-23T22:52:22 IST">
      <class name="mavenframework.maventutorial.SeleniumTest">
        <test-method status="PASS" signature="browserAutomation()[pri:0, instance:mavenframework.maventutorial.SeleniumTest@1e397ed7]" name="browserAutomation" duration-ms="0" started-at="2021-07-23T22:52:22 IST" finished-at="2021-07-23T22:52:22 IST">
          <reporter-output>
          </reporter-output>
        </test-method> <!-- browserAutomation -->
        <test-method status="PASS" signature="uiElements()[pri:0, instance:mavenframework.maventutorial.SeleniumTest@1e397ed7]" name="uiElements" duration-ms="0" started-at="2021-07-23T22:52:22 IST" finished-at="2021-07-23T22:52:22 IST">
          <reporter-output>
          </reporter-output>
        </test-method> <!-- uiElements -->
      </class> <!-- mavenframework.maventutorial.SeleniumTest -->
      <class name="mavenframework.maventutorial.RESTAPITest">
        <test-method status="PASS" signature="delTwitter()[pri:0, instance:mavenframework.maventutorial.RESTAPITest@3f49dace]" name="delTwitter" duration-ms="1" started-at="2021-07-23T22:52:22 IST" finished-at="2021-07-23T22:52:22 IST">
          <reporter-output>
          </reporter-output>
        </test-method> <!-- delTwitter -->
        <test-method status="PASS" signature="postJIRA()[pri:0, instance:mavenframework.maventutorial.RESTAPITest@3f49dace]" name="postJIRA" duration-ms="0" started-at="2021-07-23T22:52:22 IST" finished-at="2021-07-23T22:52:22 IST">
          <reporter-output>
          </reporter-output>
        </test-method> <!-- postJIRA -->
      </class> <!-- mavenframework.maventutorial.RESTAPITest -->
      <class name="mavenframework.maventutorial.AppiumTest">
        <test-method status="PASS" signature="installApp()[pri:0, instance:mavenframework.maventutorial.AppiumTest@402a079c]" name="installApp" duration-ms="7" started-at="2021-07-23T22:52:22 IST" finished-at="2021-07-23T22:52:22 IST">
          <reporter-output>
          </reporter-output>
        </test-method> <!-- installApp -->
        <test-method status="PASS" signature="launchChrome()[pri:0, instance:mavenframework.maventutorial.AppiumTest@402a079c]" name="launchChrome" duration-ms="0" started-at="2021-07-23T22:52:22 IST" finished-at="2021-07-23T22:52:22 IST">
          <reporter-output>
          </reporter-output>
        </test-method> <!-- launchChrome -->
      </class> <!-- mavenframework.maventutorial.AppiumTest -->
    </test> <!-- Command line test -->
  </suite> <!-- Command line suite -->
</testng-results>
