<?xml version="1.0" encoding="UTF-8"?>
<testng-results ignored="0" total="1" passed="1" failed="0" skipped="0">
  <reporter-output>
  </reporter-output>
  <suite started-at="2021-07-24T23:38:05 IST" name="Default suite" finished-at="2021-07-24T23:38:11 IST" duration-ms="6176">
    <groups>
    </groups>
    <test started-at="2021-07-24T23:38:05 IST" name="Default test" finished-at="2021-07-24T23:38:11 IST" duration-ms="6176">
      <class name="mavenframework.ExtentReports.ExtentReportDemo">
        <test-method is-config="true" signature="config()[pri:0, instance:mavenframework.ExtentReports.ExtentReportDemo@6d4e5011]" started-at="2021-07-24T23:38:05 IST" name="config" finished-at="2021-07-24T23:38:06 IST" duration-ms="437" status="PASS">
          <reporter-output>
          </reporter-output>
        </test-method> <!-- config -->
        <test-method signature="ExtentReportTutorial()[pri:0, instance:mavenframework.ExtentReports.ExtentReportDemo@6d4e5011]" started-at="2021-07-24T23:38:06 IST" name="ExtentReportTutorial" finished-at="2021-07-24T23:38:11 IST" duration-ms="5685" status="PASS">
          <reporter-output>
          </reporter-output>
        </test-method> <!-- ExtentReportTutorial -->
      </class> <!-- mavenframework.ExtentReports.ExtentReportDemo -->
    </test> <!-- Default test -->
  </suite> <!-- Default suite -->
</testng-results>
