<?xml version="1.0" encoding="UTF-8"?>
<!-- Generated by org.testng.reporters.JUnitXMLReporter -->
<testsuite hostname="LAPTOP-U65A6V37" ignored="0" name="Command line test" tests="6" failures="0" timestamp="2021-07-23T22:52:22 IST" time="0.08" errors="0">
  <testcase name="installApp" time="0.007" classname="mavenframework.maventutorial.AppiumTest"/>
  <testcase name="launchChrome" time="0.0" classname="mavenframework.maventutorial.AppiumTest"/>
  <testcase name="delTwitter" time="0.001" classname="mavenframework.maventutorial.RESTAPITest"/>
  <testcase name="postJIRA" time="0.0" classname="mavenframework.maventutorial.RESTAPITest"/>
  <testcase name="browserAutomation" time="0.0" classname="mavenframework.maventutorial.SeleniumTest"/>
  <testcase name="uiElements" time="0.0" classname="mavenframework.maventutorial.SeleniumTest"/>
</testsuite> <!-- Command line test -->
