<?xml version="1.0" encoding="UTF-8"?>
<testng-results ignored="0" total="3" passed="3" failed="0" skipped="0">
  <reporter-output>
  </reporter-output>
  <suite started-at="2021-09-01T23:44:34 IST" name="Default suite" finished-at="2021-09-01T23:44:40 IST" duration-ms="6355">
    <groups>
    </groups>
    <test started-at="2021-09-01T23:44:34 IST" name="Default test" finished-at="2021-09-01T23:44:40 IST" duration-ms="6355">
      <class name="restapi.AddBook">
        <test-method signature="addBook(java.lang.String,java.lang.String)[pri:0, instance:restapi.AddBook@6631f5ca]" started-at="2021-09-01T23:44:34 IST" name="addBook" data-provider="BookData" finished-at="2021-09-01T23:44:39 IST" duration-ms="5171" status="PASS">
          <params>
            <param index="0">
              <value>
                <![CDATA[ICN295329030]]>
              </value>
            </param>
            <param index="1">
              <value>
                <![CDATA[22759]]>
              </value>
            </param>
          </params>
          <reporter-output>
          </reporter-output>
        </test-method> <!-- addBook -->
        <test-method signature="addBook(java.lang.String,java.lang.String)[pri:0, instance:restapi.AddBook@6631f5ca]" started-at="2021-09-01T23:44:39 IST" name="addBook" data-provider="BookData" finished-at="2021-09-01T23:44:40 IST" duration-ms="397" status="PASS">
          <params>
            <param index="0">
              <value>
                <![CDATA[ICN295329031]]>
              </value>
            </param>
            <param index="1">
              <value>
                <![CDATA[22760]]>
              </value>
            </param>
          </params>
          <reporter-output>
          </reporter-output>
        </test-method> <!-- addBook -->
        <test-method signature="addBook(java.lang.String,java.lang.String)[pri:0, instance:restapi.AddBook@6631f5ca]" started-at="2021-09-01T23:44:40 IST" name="addBook" data-provider="BookData" finished-at="2021-09-01T23:44:40 IST" duration-ms="680" status="PASS">
          <params>
            <param index="0">
              <value>
                <![CDATA[ICN295329032]]>
              </value>
            </param>
            <param index="1">
              <value>
                <![CDATA[22762]]>
              </value>
            </param>
          </params>
          <reporter-output>
          </reporter-output>
        </test-method> <!-- addBook -->
      </class> <!-- restapi.AddBook -->
    </test> <!-- Default test -->
  </suite> <!-- Default suite -->
</testng-results>
